[ 2016-07-22T12:08:00+08:00 ] ::1 /TicketSys/
INFO: [ app_init ] --START--
INFO: Run Behavior\BuildLiteBehavior [ RunTime:0.000027s ]
INFO: [ app_init ] --END-- [ RunTime:0.000623s ]
INFO: [ app_begin ] --START--
INFO: Run Behavior\ReadHtmlCacheBehavior [ RunTime:0.001824s ]
INFO: [ app_begin ] --END-- [ RunTime:0.004906s ]
INFO: [ view_parse ] --START--
INFO: Run Behavior\ParseTemplateBehavior [ RunTime:0.021849s ]
INFO: [ view_parse ] --END-- [ RunTime:0.021975s ]
INFO: [ view_filter ] --START--
INFO: Run Behavior\WriteHtmlCacheBehavior [ RunTime:0.010630s ]
INFO: [ view_filter ] --END-- [ RunTime:0.010735s ]

[ 2016-07-22T12:16:54+08:00 ] ::1 /TicketSys/
INFO: [ app_init ] --START--
INFO: Run Behavior\BuildLiteBehavior [ RunTime:0.000024s ]
INFO: [ app_init ] --END-- [ RunTime:0.000514s ]
INFO: [ app_begin ] --START--
INFO: Run Behavior\ReadHtmlCacheBehavior [ RunTime:0.000835s ]
INFO: [ app_begin ] --END-- [ RunTime:0.000946s ]
NOTIC: [2] session_destroy() [<a href='function.session-destroy'>function.session-destroy</a>]: Session object destruction failed D:\phpStudy\WWW\TicketSys\TicketSys\Common\Common\SessionManager.class.php 第 101 行.
INFO: [ view_parse ] --START--
INFO: Run Behavior\ParseTemplateBehavior [ RunTime:0.000817s ]
INFO: [ view_parse ] --END-- [ RunTime:0.000922s ]
INFO: [ view_filter ] --START--
INFO: Run Behavior\WriteHtmlCacheBehavior [ RunTime:0.000557s ]
INFO: [ view_filter ] --END-- [ RunTime:0.000638s ]

